<?xml version="1.0" encoding="UTF-8"?>
<testsuite xmlns:xsi="http://www.w3.org/2001/XMLSchema-instance" xsi:noNamespaceSchemaLocation="https://maven.apache.org/surefire/maven-surefire-plugin/xsd/surefire-test-report-3.0.xsd" version="3.0" name="org.testvag.runner.TestRunner" time="0.823" tests="1" errors="0" skipped="0" failures="0">
  <properties>
    <property name="gopherProxySet" value="false"/>
    <property name="awt.toolkit" value="sun.lwawt.macosx.LWCToolkit"/>
    <property name="file.encoding.pkg" value="sun.io"/>
    <property name="java.specification.version" value="1.8"/>
    <property name="sun.cpu.isalist" value=""/>
    <property name="sun.jnu.encoding" value="UTF-8"/>
    <property name="java.class.path" value="/Users/sangeethap/.m2/repository/org/apache/maven/surefire/surefire-booter/3.0.0-M5/surefire-booter-3.0.0-M5.jar:/Users/sangeethap/.m2/repository/org/apache/maven/surefire/surefire-api/3.0.0-M5/surefire-api-3.0.0-M5.jar:/Users/sangeethap/.m2/repository/org/apache/maven/surefire/surefire-logger-api/3.0.0-M5/surefire-logger-api-3.0.0-M5.jar:/Users/sangeethap/.m2/repository/org/apache/maven/surefire/surefire-shared-utils/3.0.0-M4/surefire-shared-utils-3.0.0-M4.jar:/Users/sangeethap/.m2/repository/org/apache/maven/surefire/surefire-extensions-spi/3.0.0-M5/surefire-extensions-spi-3.0.0-M5.jar:/Users/sangeethap/Personals/Projects/Team-RCB/target/test-classes:/Users/sangeethap/Personals/Projects/Team-RCB/target/classes:/Users/sangeethap/.m2/repository/junit/junit/4.13.2/junit-4.13.2.jar:/Users/sangeethap/.m2/repository/org/hamcrest/hamcrest-core/1.3/hamcrest-core-1.3.jar:/Users/sangeethap/.m2/repository/org/apache/maven/plugins/maven-compiler-plugin/3.8.1/maven-compiler-plugin-3.8.1.jar:/Users/sangeethap/.m2/repository/org/apache/maven/maven-plugin-api/3.0/maven-plugin-api-3.0.jar:/Users/sangeethap/.m2/repository/org/apache/maven/maven-model/3.0/maven-model-3.0.jar:/Users/sangeethap/.m2/repository/org/sonatype/sisu/sisu-inject-plexus/1.4.2/sisu-inject-plexus-1.4.2.jar:/Users/sangeethap/.m2/repository/org/sonatype/sisu/sisu-inject-bean/1.4.2/sisu-inject-bean-1.4.2.jar:/Users/sangeethap/.m2/repository/org/sonatype/sisu/sisu-guice/2.1.7/sisu-guice-2.1.7-noaop.jar:/Users/sangeethap/.m2/repository/org/apache/maven/maven-artifact/3.0/maven-artifact-3.0.jar:/Users/sangeethap/.m2/repository/org/codehaus/plexus/plexus-utils/2.0.4/plexus-utils-2.0.4.jar:/Users/sangeethap/.m2/repository/org/apache/maven/maven-core/3.0/maven-core-3.0.jar:/Users/sangeethap/.m2/repository/org/apache/maven/maven-settings/3.0/maven-settings-3.0.jar:/Users/sangeethap/.m2/repository/org/apache/maven/maven-settings-builder/3.0/maven-settings-builder-3.0.jar:/Users/sangeethap/.m2/repository/org/apache/maven/maven-repository-metadata/3.0/maven-repository-metadata-3.0.jar:/Users/sangeethap/.m2/repository/org/apache/maven/maven-model-builder/3.0/maven-model-builder-3.0.jar:/Users/sangeethap/.m2/repository/org/apache/maven/maven-aether-provider/3.0/maven-aether-provider-3.0.jar:/Users/sangeethap/.m2/repository/org/sonatype/aether/aether-impl/1.7/aether-impl-1.7.jar:/Users/sangeethap/.m2/repository/org/sonatype/aether/aether-spi/1.7/aether-spi-1.7.jar:/Users/sangeethap/.m2/repository/org/sonatype/aether/aether-api/1.7/aether-api-1.7.jar:/Users/sangeethap/.m2/repository/org/sonatype/aether/aether-util/1.7/aether-util-1.7.jar:/Users/sangeethap/.m2/repository/org/codehaus/plexus/plexus-interpolation/1.14/plexus-interpolation-1.14.jar:/Users/sangeethap/.m2/repository/org/codehaus/plexus/plexus-classworlds/2.2.3/plexus-classworlds-2.2.3.jar:/Users/sangeethap/.m2/repository/org/codehaus/plexus/plexus-component-annotations/1.5.5/plexus-component-annotations-1.5.5.jar:/Users/sangeethap/.m2/repository/org/sonatype/plexus/plexus-sec-dispatcher/1.3/plexus-sec-dispatcher-1.3.jar:/Users/sangeethap/.m2/repository/org/sonatype/plexus/plexus-cipher/1.4/plexus-cipher-1.4.jar:/Users/sangeethap/.m2/repository/org/apache/maven/shared/maven-shared-utils/3.2.1/maven-shared-utils-3.2.1.jar:/Users/sangeethap/.m2/repository/commons-io/commons-io/2.5/commons-io-2.5.jar:/Users/sangeethap/.m2/repository/org/apache/maven/shared/maven-shared-incremental/1.1/maven-shared-incremental-1.1.jar:/Users/sangeethap/.m2/repository/org/codehaus/plexus/plexus-java/0.9.10/plexus-java-0.9.10.jar:/Users/sangeethap/.m2/repository/org/ow2/asm/asm/6.2/asm-6.2.jar:/Users/sangeethap/.m2/repository/com/thoughtworks/qdox/qdox/2.0-M8/qdox-2.0-M8.jar:/Users/sangeethap/.m2/repository/org/codehaus/plexus/plexus-compiler-api/2.8.4/plexus-compiler-api-2.8.4.jar:/Users/sangeethap/.m2/repository/org/codehaus/plexus/plexus-compiler-manager/2.8.4/plexus-compiler-manager-2.8.4.jar:/Users/sangeethap/.m2/repository/org/codehaus/plexus/plexus-compiler-javac/2.8.4/plexus-compiler-javac-2.8.4.jar:/Users/sangeethap/.m2/repository/io/rest-assured/rest-assured/5.1.1/rest-assured-5.1.1.jar:/Users/sangeethap/.m2/repository/org/apache/groovy/groovy/4.0.1/groovy-4.0.1.jar:/Users/sangeethap/.m2/repository/org/apache/groovy/groovy-xml/4.0.1/groovy-xml-4.0.1.jar:/Users/sangeethap/.m2/repository/org/apache/httpcomponents/httpclient/4.5.13/httpclient-4.5.13.jar:/Users/sangeethap/.m2/repository/org/apache/httpcomponents/httpcore/4.4.13/httpcore-4.4.13.jar:/Users/sangeethap/.m2/repository/commons-logging/commons-logging/1.2/commons-logging-1.2.jar:/Users/sangeethap/.m2/repository/commons-codec/commons-codec/1.11/commons-codec-1.11.jar:/Users/sangeethap/.m2/repository/org/apache/httpcomponents/httpmime/4.5.13/httpmime-4.5.13.jar:/Users/sangeethap/.m2/repository/org/ccil/cowan/tagsoup/tagsoup/1.2.1/tagsoup-1.2.1.jar:/Users/sangeethap/.m2/repository/io/rest-assured/json-path/5.1.1/json-path-5.1.1.jar:/Users/sangeethap/.m2/repository/org/apache/groovy/groovy-json/4.0.1/groovy-json-4.0.1.jar:/Users/sangeethap/.m2/repository/io/rest-assured/rest-assured-common/5.1.1/rest-assured-common-5.1.1.jar:/Users/sangeethap/.m2/repository/io/rest-assured/xml-path/5.1.1/xml-path-5.1.1.jar:/Users/sangeethap/.m2/repository/org/apache/commons/commons-lang3/3.11/commons-lang3-3.11.jar:/Users/sangeethap/.m2/repository/org/testng/testng/6.10/testng-6.10.jar:/Users/sangeethap/.m2/repository/com/beust/jcommander/1.48/jcommander-1.48.jar:/Users/sangeethap/.m2/repository/org/hamcrest/hamcrest/2.2/hamcrest-2.2.jar:/Users/sangeethap/.m2/repository/org/junit/jupiter/junit-jupiter-api/5.8.2/junit-jupiter-api-5.8.2.jar:/Users/sangeethap/.m2/repository/org/opentest4j/opentest4j/1.2.0/opentest4j-1.2.0.jar:/Users/sangeethap/.m2/repository/org/junit/platform/junit-platform-commons/1.8.2/junit-platform-commons-1.8.2.jar:/Users/sangeethap/.m2/repository/org/apiguardian/apiguardian-api/1.1.2/apiguardian-api-1.1.2.jar:/Users/sangeethap/.m2/repository/io/cucumber/cucumber-java/7.8.0/cucumber-java-7.8.0.jar:/Users/sangeethap/.m2/repository/io/cucumber/cucumber-core/7.8.0/cucumber-core-7.8.0.jar:/Users/sangeethap/.m2/repository/io/cucumber/cucumber-gherkin/7.8.0/cucumber-gherkin-7.8.0.jar:/Users/sangeethap/.m2/repository/io/cucumber/cucumber-gherkin-messages/7.8.0/cucumber-gherkin-messages-7.8.0.jar:/Users/sangeethap/.m2/repository/io/cucumber/gherkin/24.0.0/gherkin-24.0.0.jar:/Users/sangeethap/.m2/repository/io/cucumber/messages/19.1.2/messages-19.1.2.jar:/Users/sangeethap/.m2/repository/io/cucumber/tag-expressions/4.1.0/tag-expressions-4.1.0.jar:/Users/sangeethap/.m2/repository/io/cucumber/cucumber-expressions/16.0.0/cucumber-expressions-16.0.0.jar:/Users/sangeethap/.m2/repository/io/cucumber/datatable/7.8.0/datatable-7.8.0.jar:/Users/sangeethap/.m2/repository/io/cucumber/cucumber-plugin/7.8.0/cucumber-plugin-7.8.0.jar:/Users/sangeethap/.m2/repository/io/cucumber/docstring/7.8.0/docstring-7.8.0.jar:/Users/sangeethap/.m2/repository/io/cucumber/html-formatter/20.1.0/html-formatter-20.1.0.jar:/Users/sangeethap/.m2/repository/io/cucumber/ci-environment/9.1.0/ci-environment-9.1.0.jar:/Users/sangeethap/.m2/repository/io/cucumber/cucumber-junit/7.8.0/cucumber-junit-7.8.0.jar:/Users/sangeethap/.m2/repository/org/apache/maven/surefire/surefire-junit-platform/3.0.0-M5/surefire-junit-platform-3.0.0-M5.jar:/Users/sangeethap/.m2/repository/org/apache/maven/surefire/common-java5/3.0.0-M5/common-java5-3.0.0-M5.jar:/Users/sangeethap/.m2/repository/org/junit/platform/junit-platform-launcher/1.8.2/junit-platform-launcher-1.8.2.jar:/Users/sangeethap/.m2/repository/org/junit/platform/junit-platform-engine/1.8.2/junit-platform-engine-1.8.2.jar:/Users/sangeethap/.m2/repository/org/junit/jupiter/junit-jupiter-engine/5.8.2/junit-jupiter-engine-5.8.2.jar:/Users/sangeethap/.m2/repository/org/junit/vintage/junit-vintage-engine/5.8.2/junit-vintage-engine-5.8.2.jar"/>
    <property name="java.vm.vendor" value="Azul Systems, Inc."/>
    <property name="sun.arch.data.model" value="64"/>
    <property name="java.vendor.url" value="http://www.azul.com/"/>
    <property name="user.timezone" value="Asia/Kolkata"/>
    <property name="java.vm.specification.version" value="1.8"/>
    <property name="os.name" value="Mac OS X"/>
    <property name="user.country" value="IN"/>
    <property name="sun.java.launcher" value="SUN_STANDARD"/>
    <property name="sun.boot.library.path" value="/Users/sangeethap/.sdkman/candidates/java/8.0.342-zulu/zulu-8.jdk/Contents/Home/jre/lib"/>
    <property name="sun.java.command" value="org.apache.maven.surefire.booter.ForkedBooter /Users/sangeethap/Personals/Projects/Team-RCB/target/surefire 2023-02-16T19-37-32_827-jvmRun1 surefire4409666030191419817tmp surefire_05576498638429633054tmp"/>
    <property name="http.nonProxyHosts" value="local|*.local|169.254/16|*.169.254/16"/>
    <property name="surefire.test.class.path" value="/Users/sangeethap/Personals/Projects/Team-RCB/target/test-classes:/Users/sangeethap/Personals/Projects/Team-RCB/target/classes:/Users/sangeethap/.m2/repository/junit/junit/4.13.2/junit-4.13.2.jar:/Users/sangeethap/.m2/repository/org/hamcrest/hamcrest-core/1.3/hamcrest-core-1.3.jar:/Users/sangeethap/.m2/repository/org/apache/maven/plugins/maven-compiler-plugin/3.8.1/maven-compiler-plugin-3.8.1.jar:/Users/sangeethap/.m2/repository/org/apache/maven/maven-plugin-api/3.0/maven-plugin-api-3.0.jar:/Users/sangeethap/.m2/repository/org/apache/maven/maven-model/3.0/maven-model-3.0.jar:/Users/sangeethap/.m2/repository/org/sonatype/sisu/sisu-inject-plexus/1.4.2/sisu-inject-plexus-1.4.2.jar:/Users/sangeethap/.m2/repository/org/sonatype/sisu/sisu-inject-bean/1.4.2/sisu-inject-bean-1.4.2.jar:/Users/sangeethap/.m2/repository/org/sonatype/sisu/sisu-guice/2.1.7/sisu-guice-2.1.7-noaop.jar:/Users/sangeethap/.m2/repository/org/apache/maven/maven-artifact/3.0/maven-artifact-3.0.jar:/Users/sangeethap/.m2/repository/org/codehaus/plexus/plexus-utils/2.0.4/plexus-utils-2.0.4.jar:/Users/sangeethap/.m2/repository/org/apache/maven/maven-core/3.0/maven-core-3.0.jar:/Users/sangeethap/.m2/repository/org/apache/maven/maven-settings/3.0/maven-settings-3.0.jar:/Users/sangeethap/.m2/repository/org/apache/maven/maven-settings-builder/3.0/maven-settings-builder-3.0.jar:/Users/sangeethap/.m2/repository/org/apache/maven/maven-repository-metadata/3.0/maven-repository-metadata-3.0.jar:/Users/sangeethap/.m2/repository/org/apache/maven/maven-model-builder/3.0/maven-model-builder-3.0.jar:/Users/sangeethap/.m2/repository/org/apache/maven/maven-aether-provider/3.0/maven-aether-provider-3.0.jar:/Users/sangeethap/.m2/repository/org/sonatype/aether/aether-impl/1.7/aether-impl-1.7.jar:/Users/sangeethap/.m2/repository/org/sonatype/aether/aether-spi/1.7/aether-spi-1.7.jar:/Users/sangeethap/.m2/repository/org/sonatype/aether/aether-api/1.7/aether-api-1.7.jar:/Users/sangeethap/.m2/repository/org/sonatype/aether/aether-util/1.7/aether-util-1.7.jar:/Users/sangeethap/.m2/repository/org/codehaus/plexus/plexus-interpolation/1.14/plexus-interpolation-1.14.jar:/Users/sangeethap/.m2/repository/org/codehaus/plexus/plexus-classworlds/2.2.3/plexus-classworlds-2.2.3.jar:/Users/sangeethap/.m2/repository/org/codehaus/plexus/plexus-component-annotations/1.5.5/plexus-component-annotations-1.5.5.jar:/Users/sangeethap/.m2/repository/org/sonatype/plexus/plexus-sec-dispatcher/1.3/plexus-sec-dispatcher-1.3.jar:/Users/sangeethap/.m2/repository/org/sonatype/plexus/plexus-cipher/1.4/plexus-cipher-1.4.jar:/Users/sangeethap/.m2/repository/org/apache/maven/shared/maven-shared-utils/3.2.1/maven-shared-utils-3.2.1.jar:/Users/sangeethap/.m2/repository/commons-io/commons-io/2.5/commons-io-2.5.jar:/Users/sangeethap/.m2/repository/org/apache/maven/shared/maven-shared-incremental/1.1/maven-shared-incremental-1.1.jar:/Users/sangeethap/.m2/repository/org/codehaus/plexus/plexus-java/0.9.10/plexus-java-0.9.10.jar:/Users/sangeethap/.m2/repository/org/ow2/asm/asm/6.2/asm-6.2.jar:/Users/sangeethap/.m2/repository/com/thoughtworks/qdox/qdox/2.0-M8/qdox-2.0-M8.jar:/Users/sangeethap/.m2/repository/org/codehaus/plexus/plexus-compiler-api/2.8.4/plexus-compiler-api-2.8.4.jar:/Users/sangeethap/.m2/repository/org/codehaus/plexus/plexus-compiler-manager/2.8.4/plexus-compiler-manager-2.8.4.jar:/Users/sangeethap/.m2/repository/org/codehaus/plexus/plexus-compiler-javac/2.8.4/plexus-compiler-javac-2.8.4.jar:/Users/sangeethap/.m2/repository/io/rest-assured/rest-assured/5.1.1/rest-assured-5.1.1.jar:/Users/sangeethap/.m2/repository/org/apache/groovy/groovy/4.0.1/groovy-4.0.1.jar:/Users/sangeethap/.m2/repository/org/apache/groovy/groovy-xml/4.0.1/groovy-xml-4.0.1.jar:/Users/sangeethap/.m2/repository/org/apache/httpcomponents/httpclient/4.5.13/httpclient-4.5.13.jar:/Users/sangeethap/.m2/repository/org/apache/httpcomponents/httpcore/4.4.13/httpcore-4.4.13.jar:/Users/sangeethap/.m2/repository/commons-logging/commons-logging/1.2/commons-logging-1.2.jar:/Users/sangeethap/.m2/repository/commons-codec/commons-codec/1.11/commons-codec-1.11.jar:/Users/sangeethap/.m2/repository/org/apache/httpcomponents/httpmime/4.5.13/httpmime-4.5.13.jar:/Users/sangeethap/.m2/repository/org/ccil/cowan/tagsoup/tagsoup/1.2.1/tagsoup-1.2.1.jar:/Users/sangeethap/.m2/repository/io/rest-assured/json-path/5.1.1/json-path-5.1.1.jar:/Users/sangeethap/.m2/repository/org/apache/groovy/groovy-json/4.0.1/groovy-json-4.0.1.jar:/Users/sangeethap/.m2/repository/io/rest-assured/rest-assured-common/5.1.1/rest-assured-common-5.1.1.jar:/Users/sangeethap/.m2/repository/io/rest-assured/xml-path/5.1.1/xml-path-5.1.1.jar:/Users/sangeethap/.m2/repository/org/apache/commons/commons-lang3/3.11/commons-lang3-3.11.jar:/Users/sangeethap/.m2/repository/org/testng/testng/6.10/testng-6.10.jar:/Users/sangeethap/.m2/repository/com/beust/jcommander/1.48/jcommander-1.48.jar:/Users/sangeethap/.m2/repository/org/hamcrest/hamcrest/2.2/hamcrest-2.2.jar:/Users/sangeethap/.m2/repository/org/junit/jupiter/junit-jupiter-api/5.8.2/junit-jupiter-api-5.8.2.jar:/Users/sangeethap/.m2/repository/org/opentest4j/opentest4j/1.2.0/opentest4j-1.2.0.jar:/Users/sangeethap/.m2/repository/org/junit/platform/junit-platform-commons/1.8.2/junit-platform-commons-1.8.2.jar:/Users/sangeethap/.m2/repository/org/apiguardian/apiguardian-api/1.1.2/apiguardian-api-1.1.2.jar:/Users/sangeethap/.m2/repository/io/cucumber/cucumber-java/7.8.0/cucumber-java-7.8.0.jar:/Users/sangeethap/.m2/repository/io/cucumber/cucumber-core/7.8.0/cucumber-core-7.8.0.jar:/Users/sangeethap/.m2/repository/io/cucumber/cucumber-gherkin/7.8.0/cucumber-gherkin-7.8.0.jar:/Users/sangeethap/.m2/repository/io/cucumber/cucumber-gherkin-messages/7.8.0/cucumber-gherkin-messages-7.8.0.jar:/Users/sangeethap/.m2/repository/io/cucumber/gherkin/24.0.0/gherkin-24.0.0.jar:/Users/sangeethap/.m2/repository/io/cucumber/messages/19.1.2/messages-19.1.2.jar:/Users/sangeethap/.m2/repository/io/cucumber/tag-expressions/4.1.0/tag-expressions-4.1.0.jar:/Users/sangeethap/.m2/repository/io/cucumber/cucumber-expressions/16.0.0/cucumber-expressions-16.0.0.jar:/Users/sangeethap/.m2/repository/io/cucumber/datatable/7.8.0/datatable-7.8.0.jar:/Users/sangeethap/.m2/repository/io/cucumber/cucumber-plugin/7.8.0/cucumber-plugin-7.8.0.jar:/Users/sangeethap/.m2/repository/io/cucumber/docstring/7.8.0/docstring-7.8.0.jar:/Users/sangeethap/.m2/repository/io/cucumber/html-formatter/20.1.0/html-formatter-20.1.0.jar:/Users/sangeethap/.m2/repository/io/cucumber/ci-environment/9.1.0/ci-environment-9.1.0.jar:/Users/sangeethap/.m2/repository/io/cucumber/cucumber-junit/7.8.0/cucumber-junit-7.8.0.jar:"/>
    <property name="sun.cpu.endian" value="little"/>
    <property name="user.home" value="/Users/sangeethap"/>
    <property name="user.language" value="en"/>
    <property name="java.specification.vendor" value="Oracle Corporation"/>
    <property name="java.home" value="/Users/sangeethap/.sdkman/candidates/java/8.0.342-zulu/zulu-8.jdk/Contents/Home/jre"/>
    <property name="basedir" value="/Users/sangeethap/Personals/Projects/Team-RCB"/>
    <property name="file.separator" value="/"/>
    <property name="line.separator" value="&#10;"/>
    <property name="jdk.vendor.version" value="Zulu 8.64.0.15-CA-macos-aarch64"/>
    <property name="java.vm.specification.vendor" value="Oracle Corporation"/>
    <property name="java.specification.name" value="Java Platform API Specification"/>
    <property name="java.awt.graphicsenv" value="sun.awt.CGraphicsEnvironment"/>
    <property name="sun.boot.class.path" value="/Users/sangeethap/.sdkman/candidates/java/8.0.342-zulu/zulu-8.jdk/Contents/Home/jre/lib/resources.jar:/Users/sangeethap/.sdkman/candidates/java/8.0.342-zulu/zulu-8.jdk/Contents/Home/jre/lib/rt.jar:/Users/sangeethap/.sdkman/candidates/java/8.0.342-zulu/zulu-8.jdk/Contents/Home/jre/lib/sunrsasign.jar:/Users/sangeethap/.sdkman/candidates/java/8.0.342-zulu/zulu-8.jdk/Contents/Home/jre/lib/jsse.jar:/Users/sangeethap/.sdkman/candidates/java/8.0.342-zulu/zulu-8.jdk/Contents/Home/jre/lib/jce.jar:/Users/sangeethap/.sdkman/candidates/java/8.0.342-zulu/zulu-8.jdk/Contents/Home/jre/lib/charsets.jar:/Users/sangeethap/.sdkman/candidates/java/8.0.342-zulu/zulu-8.jdk/Contents/Home/jre/lib/jfr.jar:/Users/sangeethap/.sdkman/candidates/java/8.0.342-zulu/zulu-8.jdk/Contents/Home/jre/lib/cat.jar:/Users/sangeethap/.sdkman/candidates/java/8.0.342-zulu/zulu-8.jdk/Contents/Home/jre/classes"/>
    <property name="sun.management.compiler" value="HotSpot 64-Bit Tiered Compilers"/>
    <property name="ftp.nonProxyHosts" value="local|*.local|169.254/16|*.169.254/16"/>
    <property name="java.runtime.version" value="1.8.0_342-b07"/>
    <property name="user.name" value="sangeethap"/>
    <property name="path.separator" value=":"/>
    <property name="os.version" value="12.0.1"/>
    <property name="java.endorsed.dirs" value="/Users/sangeethap/.sdkman/candidates/java/8.0.342-zulu/zulu-8.jdk/Contents/Home/jre/lib/endorsed"/>
    <property name="java.runtime.name" value="OpenJDK Runtime Environment"/>
    <property name="file.encoding" value="UTF-8"/>
    <property name="java.vm.name" value="OpenJDK 64-Bit Server VM"/>
    <property name="localRepository" value="/Users/sangeethap/.m2/repository"/>
    <property name="java.vendor.url.bug" value="http://www.azul.com/support/"/>
    <property name="java.io.tmpdir" value="/var/folders/z5/_v95kj6d1llc1mwfy9jwwlyr0000gn/T/"/>
    <property name="java.version" value="1.8.0_342"/>
    <property name="user.dir" value="/Users/sangeethap/Personals/Projects/Team-RCB"/>
    <property name="os.arch" value="aarch64"/>
    <property name="java.vm.specification.name" value="Java Virtual Machine Specification"/>
    <property name="java.awt.printerjob" value="sun.lwawt.macosx.CPrinterJob"/>
    <property name="sun.os.patch.level" value="unknown"/>
    <property name="java.library.path" value="/Users/sangeethap/Library/Java/Extensions:/Library/Java/Extensions:/Network/Library/Java/Extensions:/System/Library/Java/Extensions:/usr/lib/java:."/>
    <property name="java.vm.info" value="mixed mode"/>
    <property name="java.vendor" value="Azul Systems, Inc."/>
    <property name="java.vm.version" value="25.342-b07"/>
    <property name="java.ext.dirs" value="/Users/sangeethap/Library/Java/Extensions:/Users/sangeethap/.sdkman/candidates/java/8.0.342-zulu/zulu-8.jdk/Contents/Home/jre/lib/ext:/Library/Java/Extensions:/Network/Library/Java/Extensions:/System/Library/Java/Extensions:/usr/lib/java"/>
    <property name="sun.io.unicode.encoding" value="UnicodeBig"/>
    <property name="java.class.version" value="52.0"/>
    <property name="socksNonProxyHosts" value="local|*.local|169.254/16|*.169.254/16"/>
  </properties>
  <testcase name="User validates that the team has only 4 foreign players" classname="RCB team details validation" time="0.715">
    <system-out><![CDATA[
Scenario: User validates that the team has only 4 foreign players &amp#27;[90m# src/test/java/resource/features/team_details_validations.feature:4&amp#27;[0m
  &amp#27;[32mGiven &amp#27;[0m&amp#27;[32mTeam Players details&amp#27;[0m                                      &amp#27;[90m# org.testvag.stepdefinition.playersDetailsVerification.inputTeamPlayerDetails()&amp#27;[0m
  &amp#27;[32mThen &amp#27;[0m&amp#27;[32mValidate that the team has only 4 foreign players&amp#27;[0m          &amp#27;[90m# org.testvag.stepdefinition.playersDetailsVerification.validateForiegnPlayersCount()&amp#27;[0m
Wicket-Keeper found in the players list!
  &amp#27;[32mAnd &amp#27;[0m&amp#27;[32mValidate that there is atleast 1 wicket keeper&amp#27;[0m              &amp#27;[90m# org.testvag.stepdefinition.playersDetailsVerification.ValidateWicketKeeperCount()&amp#27;[0m
]]></system-out>
  </testcase>
</testsuite>